<?xml version="1.0" encoding="UTF-8"?>
<!-- Generated by org.testng.reporters.JUnitReportReporter -->
<testsuite hostname="dave-mac.adastracorp.net" failures="0" tests="2" name="DaveAutoTest.Appium3.ScrollDemo" time="0.473" errors="1" timestamp="2023-06-15T13:18:44 SELÄŒ" skipped="1">
  <testcase classname="DaveAutoTest.Appium3.ScrollDemo" name="ConfigureAppium" time="0.473">
    <error message="Could not start a new session. Response code 500. Message: An unknown server-side error occurred while processing the command. Original error: The application at &#039;//Users//davidblazek//eclipse-workspace//Appium3//src//test//java//Resources//ApiDemos-debug.apk&#039; does not exist or is not accessible 
Host info: host: &#039;dave-mac.adastracorp.net&#039;, ip: &#039;fe80:0:0:0:4a7:a509:96c:11b1%en0&#039;
Build info: version: &#039;4.10.0&#039;, revision: &#039;c14d967899&#039;
System info: os.name: &#039;Mac OS X&#039;, os.arch: &#039;aarch64&#039;, os.version: &#039;13.4&#039;, java.version: &#039;11.0.19&#039;
Driver info: io.appium.java_client.android.AndroidDriver
Command: [null, newSession {capabilities=[{appium:chromedriverExecutable=/Users/davidblazek/chromedriver, appium:deviceName=DaveEmulator, platformName=ANDROID, appium:automationName=UIAutomator2, appium:app=//Users//davidblazek//eclipse-workspace//Appium3//src//test//java//Resources//ApiDemos-debug.apk}], desiredCapabilities=Capabilities {appium:app: //Users//davidblazek//eclip..., appium:automationName: UIAutomator2, appium:chromedriverExecutable: /Users/davidblazek/chromedr..., appium:deviceName: DaveEmulator, platformName: ANDROID}}]
Capabilities {appium:app: //Users//davidblazek//eclip..., appium:automationName: UIAutomator2, appium:chromedriverExecutable: /Users/davidblazek/chromedr..., appium:deviceName: DaveEmulator, platformName: ANDROID}" type="org.openqa.selenium.SessionNotCreatedException">
      <![CDATA[org.openqa.selenium.SessionNotCreatedException: Could not start a new session. Response code 500. Message: An unknown server-side error occurred while processing the command. Original error: The application at '//Users//davidblazek//eclipse-workspace//Appium3//src//test//java//Resources//ApiDemos-debug.apk' does not exist or is not accessible 
Host info: host: 'dave-mac.adastracorp.net', ip: 'fe80:0:0:0:4a7:a509:96c:11b1%en0'
Build info: version: '4.10.0', revision: 'c14d967899'
System info: os.name: 'Mac OS X', os.arch: 'aarch64', os.version: '13.4', java.version: '11.0.19'
Driver info: io.appium.java_client.android.AndroidDriver
Command: [null, newSession {capabilities=[{appium:chromedriverExecutable=/Users/davidblazek/chromedriver, appium:deviceName=DaveEmulator, platformName=ANDROID, appium:automationName=UIAutomator2, appium:app=//Users//davidblazek//eclipse-workspace//Appium3//src//test//java//Resources//ApiDemos-debug.apk}], desiredCapabilities=Capabilities {appium:app: //Users//davidblazek//eclip..., appium:automationName: UIAutomator2, appium:chromedriverExecutable: /Users/davidblazek/chromedr..., appium:deviceName: DaveEmulator, platformName: ANDROID}}]
Capabilities {appium:app: //Users//davidblazek//eclip..., appium:automationName: UIAutomator2, appium:chromedriverExecutable: /Users/davidblazek/chromedr..., appium:deviceName: DaveEmulator, platformName: ANDROID}
at org.openqa.selenium.remote.ProtocolHandshake.createSession(ProtocolHandshake.java:140)
at java.base/jdk.internal.reflect.NativeMethodAccessorImpl.invoke0(Native Method)
at java.base/jdk.internal.reflect.NativeMethodAccessorImpl.invoke(NativeMethodAccessorImpl.java:62)
at java.base/jdk.internal.reflect.DelegatingMethodAccessorImpl.invoke(DelegatingMethodAccessorImpl.java:43)
at java.base/java.lang.reflect.Method.invoke(Method.java:566)
at io.appium.java_client.remote.AppiumProtocolHandshake.createSession(AppiumProtocolHandshake.java:133)
at io.appium.java_client.remote.AppiumProtocolHandshake.createSession(AppiumProtocolHandshake.java:102)
at io.appium.java_client.remote.AppiumCommandExecutor.createSession(AppiumCommandExecutor.java:194)
at io.appium.java_client.remote.AppiumCommandExecutor.execute(AppiumCommandExecutor.java:262)
at org.openqa.selenium.remote.RemoteWebDriver.execute(RemoteWebDriver.java:531)
at io.appium.java_client.AppiumDriver.startSession(AppiumDriver.java:229)
at org.openqa.selenium.remote.RemoteWebDriver.<init>(RemoteWebDriver.java:154)
at io.appium.java_client.AppiumDriver.<init>(AppiumDriver.java:80)
at io.appium.java_client.AppiumDriver.<init>(AppiumDriver.java:92)
at io.appium.java_client.android.AndroidDriver.<init>(AndroidDriver.java:117)
at DaveAutoTest.Appium3.BaseTest.ConfigureAppium(BaseTest.java:42)
at java.base/jdk.internal.reflect.NativeMethodAccessorImpl.invoke0(Native Method)
at java.base/jdk.internal.reflect.NativeMethodAccessorImpl.invoke(NativeMethodAccessorImpl.java:62)
at java.base/jdk.internal.reflect.DelegatingMethodAccessorImpl.invoke(DelegatingMethodAccessorImpl.java:43)
at java.base/java.lang.reflect.Method.invoke(Method.java:566)
at org.testng.internal.invokers.MethodInvocationHelper.invokeMethod(MethodInvocationHelper.java:139)
at org.testng.internal.invokers.MethodInvocationHelper.invokeMethodConsideringTimeout(MethodInvocationHelper.java:69)
at org.testng.internal.invokers.ConfigInvoker.invokeConfigurationMethod(ConfigInvoker.java:390)
at org.testng.internal.invokers.ConfigInvoker.invokeConfigurations(ConfigInvoker.java:325)
at org.testng.internal.invokers.TestMethodWorker.invokeBeforeClassMethods(TestMethodWorker.java:180)
at org.testng.internal.invokers.TestMethodWorker.run(TestMethodWorker.java:122)
at java.base/java.util.ArrayList.forEach(ArrayList.java:1541)
at org.testng.TestRunner.privateRun(TestRunner.java:848)
at org.testng.TestRunner.run(TestRunner.java:621)
at org.testng.SuiteRunner.runTest(SuiteRunner.java:443)
at org.testng.SuiteRunner.runSequentially(SuiteRunner.java:437)
at org.testng.SuiteRunner.privateRun(SuiteRunner.java:397)
at org.testng.SuiteRunner.run(SuiteRunner.java:336)
at org.testng.SuiteRunnerWorker.runSuite(SuiteRunnerWorker.java:52)
at org.testng.SuiteRunnerWorker.run(SuiteRunnerWorker.java:95)
at org.testng.TestNG.runSuitesSequentially(TestNG.java:1280)
at org.testng.TestNG.runSuitesLocally(TestNG.java:1200)
at org.testng.TestNG.runSuites(TestNG.java:1114)
at org.testng.TestNG.run(TestNG.java:1082)
at org.testng.remote.AbstractRemoteTestNG.run(AbstractRemoteTestNG.java:115)
at org.testng.remote.RemoteTestNG.initAndRun(RemoteTestNG.java:251)
at org.testng.remote.RemoteTestNG.main(RemoteTestNG.java:77)
]]>
    </error>
  </testcase> <!-- ConfigureAppium -->
  <testcase classname="DaveAutoTest.Appium3.ScrollDemo" name="ScrollDemoTest" time="0.000">
    <skipped/>
  </testcase> <!-- ScrollDemoTest -->
</testsuite> <!-- DaveAutoTest.Appium3.ScrollDemo -->
